[LOG] System::create                           : Header version = 2.02.24. Current version = 2.02.24.
[LOG] Manager::init                            : maxchannels = 256 studioflags = 00000006 flags 00000000 extradriverdata 0000000000000000.
[LOG] SystemI::init                            : Initialize version=20224 (146338), maxchannels=256, flags=0x00020000
[LOG] SystemI::setOutputInternal               : Setting output to 'FMOD WASAPI Output'
[LOG] OutputWASAPI::init                       : Mix Format (WAVEFORMATEX): wFormatTag=0xFFFE, nChannels=2, nSamplesPerSec=48000, nAvgBytesPerSec=384000, nBlockAlign=8, wBitsPerSample=32, cbSize=22.
[LOG] OutputWASAPI::init                       : Mix Format (WAVEFORMATEXTENSIBLE): wValidBitsPerSample=32, dwChannelMask=0x00000003, SubFormat=00000003-0000-0010-8000-00AA00389B71.
[LOG] OutputWASAPI::init                       : Output buffer size: 4096 samples, latency: 0.00ms, period: 10.00ms, DSP buffer: 1024 * 4
[LOG] Thread::initThread                       : Init FMOD stream thread. Affinity: 0x4000000000000003, Priority: 0xFFFF7FFB, Stack Size: 98304, Semaphore: No, Sleep Time: 10, Looping: Yes.
[LOG] Thread::initThread                       : Init FMOD mixer thread. Affinity: 0x4000000000000001, Priority: 0xFFFF7FFA, Stack Size: 81920, Semaphore: No, Sleep Time: 0, Looping: Yes.
[LOG] AsyncManager::init                       : manager 000001A83DE0D3C8 isAsync 0 updatePeriod 0.02
[LOG] AsyncManager::init                       : done
[LOG] PlaybackSystem::init                     : 
[LOG] Thread::initThread                       : Init FMOD Studio sample load thread. Affinity: 0x4000000000000003, Priority: 0xFFFF7FFD, Stack Size: 98304, Semaphore: No, Sleep Time: 1, Looping: No.
[LOG] PlaybackSystem::init                     : done
[LOG] Thread::initThread                       : Init FMOD Studio bank load thread. Affinity: 0x4000000000000003, Priority: 0xFFFF7FFD, Stack Size: 98304, Semaphore: No, Sleep Time: 1, Looping: No.
[LOG] Manager::init                            : done.
[LOG] Manager::readBank                        : fileversion = 142, compatVersion = 140 (oldest = 44, newest = 142)
[LOG] Manager::readBank                        : fileversion = 142, compatVersion = 140 (oldest = 44, newest = 142)
[LOG] PlaybackSystem::acquireMasterBus         : Setting master channel group format to 6
[LOG] Manager::readBank                        : fileversion = 142, compatVersion = 140 (oldest = 44, newest = 142)
[LOG] Manager::readBank                        : fileversion = 142, compatVersion = 140 (oldest = 44, newest = 142)
[LOG] AsyncThread::add                         : add sound to async queue : soundi = 000001A8A74A1BA8, queue head = 000001A8408746A8, queue count = 0
[LOG] AsyncThread::threadFunc                  : Starting Asynchronous operation on sound 000001A8A74A1BA8
[LOG] AsyncThread::threadFunc                  : Finished Asynchronous operation on sound 000001A8A74A1BA8
[LOG] SystemI::createSoundInternal             : Create name='', mode=0x02000202
[LOG] SystemI::createSoundInternal             : exinfo->cbsize             = 224
[LOG] SystemI::createSoundInternal             : exinfo->length             = 307680
[LOG] SystemI::createSoundInternal             : exinfo->fileoffset         = 27040
[LOG] SystemI::createSoundInternal             : exinfo->numsubsounds       = 1
[LOG] SystemI::createSoundInternal             : exinfo->inclusionlist      = 000000738506F3F8
[LOG] SystemI::createSoundInternal             : exinfo->inclusionlistnum   = 1
[LOG] SystemI::createSoundInternal             : exinfo->suggestedsoundtype = 5
[LOG] SystemI::createSoundInternal             : exinfo->useropen           = 00007FF86A5B3CE0
[LOG] SystemI::createSoundInternal             : exinfo->userclose          = 00007FF86A5B3CA0
[LOG] SystemI::createSoundInternal             : exinfo->userread           = 00007FF86A5B3DC0
[LOG] SystemI::createSoundInternal             : exinfo->userseek           = 00007FF86A5B3E80
[LOG] SystemI::createSoundInternal             : exinfo->fileuserdata       = 000001A887C82698
[LOG] SystemI::createSoundInternal             : exinfo->initialseekpostype = 1
[LOG] SystemI::DSPCodecPoolRegister            : register codec pool for pool type 5
[LOG] SystemI::createSoundInternal             : Sample 0/1: name='GirlDialogueSound', format=5, channels=2, frequency=48000, lengthbytes=1856, lengthpcm=7273, pcmblocksize=0, loopstart=0, loopend=0, mode=0x00000000, channelmask=0x00000000, channelorder=0, peakvolume=0.105927.
[WRN] ObjectLookup::get                        : Lookup failed for EventModel: {00000000-0000-0000-0000-000000000000}
[LOG] AsyncThread::add                         : add sound to async queue : soundi = 000001A8A74A25C8, queue head = 000001A8408746A8, queue count = 0
[LOG] AsyncThread::threadFunc                  : Starting Asynchronous operation on sound 000001A8A74A25C8
[LOG] AsyncThread::threadFunc                  : Finished Asynchronous operation on sound 000001A8A74A25C8
[LOG] SoundI::release                          : HubPad (000001A8A74A0258)
[LOG] SoundI::release                          :     HubPad (000001A72209DE18)
[LOG] SoundI::release                          :     HubPad (000001A8A74A3348)
[LOG] SoundI::release                          : HubGuitars (000001A8A74A1338)
[LOG] SoundI::release                          :     HubGuitars (000001A72209E978)
[LOG] SoundI::release                          :     HubGuitars (000001A8A74A1BA8)
[LOG] SoundI::release                          : HubAmbience (000001A8A74A5BC8)
[LOG] SoundI::release                          :     HubAmbience (000001A72209E158)
[LOG] SoundI::release                          :     HubAmbience (000001A8A74A25C8)
[LOG] SoundI::release                          :  (000001A83C724438)
[LOG] SoundI::release                          :     GirlDialogueSound (000001A7310010E8)
[LOG] SoundI::release                          :  (000001A723958BB8)
[LOG] SoundI::release                          :     Footstep1 (000001A710481C88)
[LOG] SoundI::release                          :  (000001A7239571D8)
[LOG] SoundI::release                          :     Footstep2 (000001A710481948)
[LOG] SoundI::release                          :  (000001A723957A78)
[LOG] SoundI::release                          :     Footstep3 (000001A710482648)
[LOG] SoundI::release                          :  (000001A723955DB8)
[LOG] SoundI::release                          :     Footstep4 (000001A7104827E8)
[LOG] Thread::callback                         : FMOD Studio update thread finished.
[LOG] Thread::callback                         : FMOD Studio bank load thread finished.
[LOG] Profile::disconnectAll                   : Profiler disconnecting all clients
[LOG] Thread::callback                         : FMOD Studio sample load thread finished.
[LOG] LiveUpdate::release                      : 
[LOG] LiveUpdate::reset                        : Reset connection (reason Disconnected)
[LOG] Thread::callback                         : FMOD stream thread finished.
[LOG] Thread::callback                         : FMOD mixer thread finished.
[LOG] Profile::disconnectAll                   : Profiler disconnecting all clients
[LOG] SystemI::close                           : Closed.
[LOG] Manager::readBank                        : fileversion = 142, compatVersion = 140 (oldest = 44, newest = 142)
[LOG] Manager::readBank                        : fileversion = 142, compatVersion = 140 (oldest = 44, newest = 142)
[LOG] PlaybackSystem::acquireMasterBus         : Setting master channel group format to 6
[LOG] Manager::readBank                        : fileversion = 142, compatVersion = 140 (oldest = 44, newest = 142)
[LOG] Manager::readBank                        : fileversion = 142, compatVersion = 140 (oldest = 44, newest = 142)
[WRN] OutputWASAPI::mixerThread                : Starvation detected in WASAPI output buffer!
